********************************************************************************
*                     Thursday, April 06, 2017 6:53:04 PM                      *
********************************************************************************
CSharpCompilerWrapper.exe version: 2.0.0.0
Platform: Windows
Target assembly: Assembly-CSharp.dll
Project directory: C:\Users\admin\Documents\Research
Unity 'Data' or 'Frameworks' directory: C:/Program Files/Unity/Editor/Data
Compiler: Microsoft C# 6.0

- Compilation -----------------------------------------------

Process: C:\Users\admin\Documents\Research\CSharp60Support\Roslyn\csc.exe
Arguments: -nostdlib+ -noconfig -nologo -r:"C:/Program Files/Unity/Editor/Data\Mono/lib/mono/2.0/mscorlib.dll" -r:"C:/Program Files/Unity/Editor/Data\Mono/lib/mono/2.0/System.dll" -r:"C:/Program Files/Unity/Editor/Data\Mono/lib/mono/2.0/System.Core.dll" -r:"C:/Program Files/Unity/Editor/Data\Mono/lib/mono/2.0/System.Xml.dll" @Temp/UnityTempFile-982c7bcce385cff4ba012921d5291255 
Exit code: 0
Elapsed time: 0.47 sec

- Compiler output (0 lines):

- Compiler errors (2 lines):
0: Assets\Scripts\Structures\Junction.cs(6,18): warning CS0659: 'Junction' overrides Object.Equals(object o) but does not override Object.GetHashCode()
1: Assets\Scripts\Structures\Road.cs(7,18): warning CS0659: 'Road' overrides Object.Equals(object o) but does not override Object.GetHashCode()

- PDB to MDB conversion --------------------------------------

Process: C:\Users\admin\Documents\Research\CSharp60Support\Roslyn\pdb2mdb.exe
Arguments: Temp\Assembly-CSharp.dll
Exit code: 0
Elapsed time: 0.04 sec

- pdb2mdb.exe output (0 lines):
********************************************************************************
*                     Thursday, April 06, 2017 6:53:05 PM                      *
********************************************************************************
CSharpCompilerWrapper.exe version: 2.0.0.0
Platform: Windows
Target assembly: Assembly-CSharp-Editor.dll
Project directory: C:\Users\admin\Documents\Research
Unity 'Data' or 'Frameworks' directory: C:/Program Files/Unity/Editor/Data
Compiler: Microsoft C# 6.0

- Compilation -----------------------------------------------

Process: C:\Users\admin\Documents\Research\CSharp60Support\Roslyn\csc.exe
Arguments: -nostdlib+ -noconfig -nologo -r:"C:/Program Files/Unity/Editor/Data\Mono/lib/mono/2.0/mscorlib.dll" -r:"C:/Program Files/Unity/Editor/Data\Mono/lib/mono/2.0/System.dll" -r:"C:/Program Files/Unity/Editor/Data\Mono/lib/mono/2.0/System.Core.dll" -r:"C:/Program Files/Unity/Editor/Data\Mono/lib/mono/2.0/System.Xml.dll" @Temp/UnityTempFile-5deed9b03ad06dd4cb2c3e8ef4e0f84e 
Exit code: 0
Elapsed time: 0.35 sec

- Compiler output (0 lines):

- Compiler errors (0 lines):

- PDB to MDB conversion --------------------------------------

Process: C:\Users\admin\Documents\Research\CSharp60Support\Roslyn\pdb2mdb.exe
Arguments: Temp\Assembly-CSharp-Editor.dll
Exit code: 0
Elapsed time: 0.04 sec

- pdb2mdb.exe output (0 lines):
********************************************************************************
*                     Thursday, April 06, 2017 6:53:48 PM                      *
********************************************************************************
CSharpCompilerWrapper.exe version: 2.0.0.0
Platform: Windows
Target assembly: Assembly-CSharp.dll
Project directory: C:\Users\admin\Documents\Research
Unity 'Data' or 'Frameworks' directory: C:/Program Files/Unity/Editor/Data
Compiler: Microsoft C# 6.0

- Compilation -----------------------------------------------

Process: C:\Users\admin\Documents\Research\CSharp60Support\Roslyn\csc.exe
Arguments: -nostdlib+ -noconfig -nologo -r:"C:/Program Files/Unity/Editor/Data\Mono/lib/mono/2.0/mscorlib.dll" -r:"C:/Program Files/Unity/Editor/Data\Mono/lib/mono/2.0/System.dll" -r:"C:/Program Files/Unity/Editor/Data\Mono/lib/mono/2.0/System.Core.dll" -r:"C:/Program Files/Unity/Editor/Data\Mono/lib/mono/2.0/System.Xml.dll" @Temp/UnityTempFile-acd391f025c7b4b44a2fe56b01c6f95f 
Exit code: 0
Elapsed time: 0.47 sec

- Compiler output (0 lines):

- Compiler errors (2 lines):
0: Assets\Scripts\Structures\Junction.cs(6,18): warning CS0659: 'Junction' overrides Object.Equals(object o) but does not override Object.GetHashCode()
1: Assets\Scripts\Structures\Road.cs(7,18): warning CS0659: 'Road' overrides Object.Equals(object o) but does not override Object.GetHashCode()

- PDB to MDB conversion --------------------------------------

Process: C:\Users\admin\Documents\Research\CSharp60Support\Roslyn\pdb2mdb.exe
Arguments: Temp\Assembly-CSharp.dll
Exit code: 0
Elapsed time: 0.05 sec

- pdb2mdb.exe output (0 lines):
********************************************************************************
*                     Thursday, April 06, 2017 6:53:49 PM                      *
********************************************************************************
CSharpCompilerWrapper.exe version: 2.0.0.0
Platform: Windows
Target assembly: Assembly-CSharp-Editor.dll
Project directory: C:\Users\admin\Documents\Research
Unity 'Data' or 'Frameworks' directory: C:/Program Files/Unity/Editor/Data
Compiler: Microsoft C# 6.0

- Compilation -----------------------------------------------

Process: C:\Users\admin\Documents\Research\CSharp60Support\Roslyn\csc.exe
Arguments: -nostdlib+ -noconfig -nologo -r:"C:/Program Files/Unity/Editor/Data\Mono/lib/mono/2.0/mscorlib.dll" -r:"C:/Program Files/Unity/Editor/Data\Mono/lib/mono/2.0/System.dll" -r:"C:/Program Files/Unity/Editor/Data\Mono/lib/mono/2.0/System.Core.dll" -r:"C:/Program Files/Unity/Editor/Data\Mono/lib/mono/2.0/System.Xml.dll" @Temp/UnityTempFile-ed098bf728c2d6c4aa2850528c515fc6 
Exit code: 0
Elapsed time: 0.32 sec

- Compiler output (0 lines):

- Compiler errors (0 lines):

- PDB to MDB conversion --------------------------------------

Process: C:\Users\admin\Documents\Research\CSharp60Support\Roslyn\pdb2mdb.exe
Arguments: Temp\Assembly-CSharp-Editor.dll
Exit code: 0
Elapsed time: 0.04 sec

- pdb2mdb.exe output (0 lines):
********************************************************************************
*                     Thursday, April 06, 2017 6:54:06 PM                      *
********************************************************************************
CSharpCompilerWrapper.exe version: 2.0.0.0
Platform: Windows
Target assembly: Assembly-CSharp.dll
Project directory: C:\Users\admin\Documents\Research
Unity 'Data' or 'Frameworks' directory: C:/Program Files/Unity/Editor/Data
Compiler: Microsoft C# 6.0

- Compilation -----------------------------------------------

Process: C:\Users\admin\Documents\Research\CSharp60Support\Roslyn\csc.exe
Arguments: -nostdlib+ -noconfig -nologo -r:"C:/Program Files/Unity/Editor/Data\Mono/lib/mono/2.0/mscorlib.dll" -r:"C:/Program Files/Unity/Editor/Data\Mono/lib/mono/2.0/System.dll" -r:"C:/Program Files/Unity/Editor/Data\Mono/lib/mono/2.0/System.Core.dll" -r:"C:/Program Files/Unity/Editor/Data\Mono/lib/mono/2.0/System.Xml.dll" @Temp/UnityTempFile-0e197a285ce33d64bb1435da27519463 
Exit code: 0
Elapsed time: 0.46 sec

- Compiler output (0 lines):

- Compiler errors (2 lines):
0: Assets\Scripts\Structures\Junction.cs(6,18): warning CS0659: 'Junction' overrides Object.Equals(object o) but does not override Object.GetHashCode()
1: Assets\Scripts\Structures\Road.cs(7,18): warning CS0659: 'Road' overrides Object.Equals(object o) but does not override Object.GetHashCode()

- PDB to MDB conversion --------------------------------------

Process: C:\Users\admin\Documents\Research\CSharp60Support\Roslyn\pdb2mdb.exe
Arguments: Temp\Assembly-CSharp.dll
Exit code: 0
Elapsed time: 0.06 sec

- pdb2mdb.exe output (0 lines):
********************************************************************************
*                     Thursday, April 06, 2017 6:54:07 PM                      *
********************************************************************************
CSharpCompilerWrapper.exe version: 2.0.0.0
Platform: Windows
Target assembly: Assembly-CSharp-Editor.dll
Project directory: C:\Users\admin\Documents\Research
Unity 'Data' or 'Frameworks' directory: C:/Program Files/Unity/Editor/Data
Compiler: Microsoft C# 6.0

- Compilation -----------------------------------------------

Process: C:\Users\admin\Documents\Research\CSharp60Support\Roslyn\csc.exe
Arguments: -nostdlib+ -noconfig -nologo -r:"C:/Program Files/Unity/Editor/Data\Mono/lib/mono/2.0/mscorlib.dll" -r:"C:/Program Files/Unity/Editor/Data\Mono/lib/mono/2.0/System.dll" -r:"C:/Program Files/Unity/Editor/Data\Mono/lib/mono/2.0/System.Core.dll" -r:"C:/Program Files/Unity/Editor/Data\Mono/lib/mono/2.0/System.Xml.dll" @Temp/UnityTempFile-5583281fd9c4e6b4599328df25b550d2 
Exit code: 0
Elapsed time: 0.32 sec

- Compiler output (0 lines):

- Compiler errors (0 lines):

- PDB to MDB conversion --------------------------------------

Process: C:\Users\admin\Documents\Research\CSharp60Support\Roslyn\pdb2mdb.exe
Arguments: Temp\Assembly-CSharp-Editor.dll
Exit code: 0
Elapsed time: 0.04 sec

- pdb2mdb.exe output (0 lines):
********************************************************************************
*                     Thursday, April 06, 2017 6:54:40 PM                      *
********************************************************************************
CSharpCompilerWrapper.exe version: 2.0.0.0
Platform: Windows
Target assembly: Assembly-CSharp.dll
Project directory: C:\Users\admin\Documents\Research
Unity 'Data' or 'Frameworks' directory: C:/Program Files/Unity/Editor/Data
Compiler: Microsoft C# 6.0

- Compilation -----------------------------------------------

Process: C:\Users\admin\Documents\Research\CSharp60Support\Roslyn\csc.exe
Arguments: -nostdlib+ -noconfig -nologo -r:"C:/Program Files/Unity/Editor/Data\Mono/lib/mono/2.0/mscorlib.dll" -r:"C:/Program Files/Unity/Editor/Data\Mono/lib/mono/2.0/System.dll" -r:"C:/Program Files/Unity/Editor/Data\Mono/lib/mono/2.0/System.Core.dll" -r:"C:/Program Files/Unity/Editor/Data\Mono/lib/mono/2.0/System.Xml.dll" @Temp/UnityTempFile-724ba810757a6b744b506b6b99796e42 
Exit code: 0
Elapsed time: 0.47 sec

- Compiler output (0 lines):

- Compiler errors (2 lines):
0: Assets\Scripts\Structures\Junction.cs(6,18): warning CS0659: 'Junction' overrides Object.Equals(object o) but does not override Object.GetHashCode()
1: Assets\Scripts\Structures\Road.cs(7,18): warning CS0659: 'Road' overrides Object.Equals(object o) but does not override Object.GetHashCode()

- PDB to MDB conversion --------------------------------------

Process: C:\Users\admin\Documents\Research\CSharp60Support\Roslyn\pdb2mdb.exe
Arguments: Temp\Assembly-CSharp.dll
Exit code: 0
Elapsed time: 0.05 sec

- pdb2mdb.exe output (0 lines):
********************************************************************************
*                     Thursday, April 06, 2017 6:54:41 PM                      *
********************************************************************************
CSharpCompilerWrapper.exe version: 2.0.0.0
Platform: Windows
Target assembly: Assembly-CSharp-Editor.dll
Project directory: C:\Users\admin\Documents\Research
Unity 'Data' or 'Frameworks' directory: C:/Program Files/Unity/Editor/Data
Compiler: Microsoft C# 6.0

- Compilation -----------------------------------------------

Process: C:\Users\admin\Documents\Research\CSharp60Support\Roslyn\csc.exe
Arguments: -nostdlib+ -noconfig -nologo -r:"C:/Program Files/Unity/Editor/Data\Mono/lib/mono/2.0/mscorlib.dll" -r:"C:/Program Files/Unity/Editor/Data\Mono/lib/mono/2.0/System.dll" -r:"C:/Program Files/Unity/Editor/Data\Mono/lib/mono/2.0/System.Core.dll" -r:"C:/Program Files/Unity/Editor/Data\Mono/lib/mono/2.0/System.Xml.dll" @Temp/UnityTempFile-0a79805590950724c9a161fc7d232270 
Exit code: 0
Elapsed time: 0.32 sec

- Compiler output (0 lines):

- Compiler errors (0 lines):

- PDB to MDB conversion --------------------------------------

Process: C:\Users\admin\Documents\Research\CSharp60Support\Roslyn\pdb2mdb.exe
Arguments: Temp\Assembly-CSharp-Editor.dll
Exit code: 0
Elapsed time: 0.04 sec

- pdb2mdb.exe output (0 lines):
********************************************************************************
*                     Thursday, April 06, 2017 6:55:02 PM                      *
********************************************************************************
CSharpCompilerWrapper.exe version: 2.0.0.0
Platform: Windows
Target assembly: Assembly-CSharp.dll
Project directory: C:\Users\admin\Documents\Research
Unity 'Data' or 'Frameworks' directory: C:/Program Files/Unity/Editor/Data
Compiler: Microsoft C# 6.0

- Compilation -----------------------------------------------

Process: C:\Users\admin\Documents\Research\CSharp60Support\Roslyn\csc.exe
Arguments: -nostdlib+ -noconfig -nologo -r:"C:/Program Files/Unity/Editor/Data\Mono/lib/mono/2.0/mscorlib.dll" -r:"C:/Program Files/Unity/Editor/Data\Mono/lib/mono/2.0/System.dll" -r:"C:/Program Files/Unity/Editor/Data\Mono/lib/mono/2.0/System.Core.dll" -r:"C:/Program Files/Unity/Editor/Data\Mono/lib/mono/2.0/System.Xml.dll" @Temp/UnityTempFile-26a5b2ee63d4d8f4bbd2c3c324ed788e 
Exit code: 0
Elapsed time: 0.54 sec

- Compiler output (0 lines):

- Compiler errors (2 lines):
0: Assets\Scripts\Structures\Junction.cs(6,18): warning CS0659: 'Junction' overrides Object.Equals(object o) but does not override Object.GetHashCode()
1: Assets\Scripts\Structures\Road.cs(7,18): warning CS0659: 'Road' overrides Object.Equals(object o) but does not override Object.GetHashCode()

- PDB to MDB conversion --------------------------------------

Process: C:\Users\admin\Documents\Research\CSharp60Support\Roslyn\pdb2mdb.exe
Arguments: Temp\Assembly-CSharp.dll
Exit code: 0
Elapsed time: 0.05 sec

- pdb2mdb.exe output (0 lines):
********************************************************************************
*                     Thursday, April 06, 2017 6:55:03 PM                      *
********************************************************************************
CSharpCompilerWrapper.exe version: 2.0.0.0
Platform: Windows
Target assembly: Assembly-CSharp-Editor.dll
Project directory: C:\Users\admin\Documents\Research
Unity 'Data' or 'Frameworks' directory: C:/Program Files/Unity/Editor/Data
Compiler: Microsoft C# 6.0

- Compilation -----------------------------------------------

Process: C:\Users\admin\Documents\Research\CSharp60Support\Roslyn\csc.exe
Arguments: -nostdlib+ -noconfig -nologo -r:"C:/Program Files/Unity/Editor/Data\Mono/lib/mono/2.0/mscorlib.dll" -r:"C:/Program Files/Unity/Editor/Data\Mono/lib/mono/2.0/System.dll" -r:"C:/Program Files/Unity/Editor/Data\Mono/lib/mono/2.0/System.Core.dll" -r:"C:/Program Files/Unity/Editor/Data\Mono/lib/mono/2.0/System.Xml.dll" @Temp/UnityTempFile-c70306e6ed206404a90fbb1ee7b4b75a 
Exit code: 0
Elapsed time: 0.54 sec

- Compiler output (0 lines):

- Compiler errors (0 lines):

- PDB to MDB conversion --------------------------------------

Process: C:\Users\admin\Documents\Research\CSharp60Support\Roslyn\pdb2mdb.exe
Arguments: Temp\Assembly-CSharp-Editor.dll
Exit code: 0
Elapsed time: 0.06 sec

- pdb2mdb.exe output (0 lines):
********************************************************************************
*                     Thursday, April 06, 2017 6:55:20 PM                      *
********************************************************************************
CSharpCompilerWrapper.exe version: 2.0.0.0
Platform: Windows
Target assembly: Assembly-CSharp.dll
Project directory: C:\Users\admin\Documents\Research
Unity 'Data' or 'Frameworks' directory: C:/Program Files/Unity/Editor/Data
Compiler: Microsoft C# 6.0

- Compilation -----------------------------------------------

Process: C:\Users\admin\Documents\Research\CSharp60Support\Roslyn\csc.exe
Arguments: -nostdlib+ -noconfig -nologo -r:"C:/Program Files/Unity/Editor/Data\Mono/lib/mono/2.0/mscorlib.dll" -r:"C:/Program Files/Unity/Editor/Data\Mono/lib/mono/2.0/System.dll" -r:"C:/Program Files/Unity/Editor/Data\Mono/lib/mono/2.0/System.Core.dll" -r:"C:/Program Files/Unity/Editor/Data\Mono/lib/mono/2.0/System.Xml.dll" @Temp/UnityTempFile-eea1a1ad4850c8b43948610d6bbf4582 
Exit code: 0
Elapsed time: 0.51 sec

- Compiler output (0 lines):

- Compiler errors (2 lines):
0: Assets\Scripts\Structures\Junction.cs(6,18): warning CS0659: 'Junction' overrides Object.Equals(object o) but does not override Object.GetHashCode()
1: Assets\Scripts\Structures\Road.cs(7,18): warning CS0659: 'Road' overrides Object.Equals(object o) but does not override Object.GetHashCode()

- PDB to MDB conversion --------------------------------------

Process: C:\Users\admin\Documents\Research\CSharp60Support\Roslyn\pdb2mdb.exe
Arguments: Temp\Assembly-CSharp.dll
Exit code: 0
Elapsed time: 0.04 sec

- pdb2mdb.exe output (0 lines):
********************************************************************************
*                     Thursday, April 06, 2017 6:55:21 PM                      *
********************************************************************************
CSharpCompilerWrapper.exe version: 2.0.0.0
Platform: Windows
Target assembly: Assembly-CSharp-Editor.dll
Project directory: C:\Users\admin\Documents\Research
Unity 'Data' or 'Frameworks' directory: C:/Program Files/Unity/Editor/Data
Compiler: Microsoft C# 6.0

- Compilation -----------------------------------------------

Process: C:\Users\admin\Documents\Research\CSharp60Support\Roslyn\csc.exe
Arguments: -nostdlib+ -noconfig -nologo -r:"C:/Program Files/Unity/Editor/Data\Mono/lib/mono/2.0/mscorlib.dll" -r:"C:/Program Files/Unity/Editor/Data\Mono/lib/mono/2.0/System.dll" -r:"C:/Program Files/Unity/Editor/Data\Mono/lib/mono/2.0/System.Core.dll" -r:"C:/Program Files/Unity/Editor/Data\Mono/lib/mono/2.0/System.Xml.dll" @Temp/UnityTempFile-12b548bfadb870442b8f164d0517ffce 
Exit code: 0
Elapsed time: 0.32 sec

- Compiler output (0 lines):

- Compiler errors (0 lines):

- PDB to MDB conversion --------------------------------------

Process: C:\Users\admin\Documents\Research\CSharp60Support\Roslyn\pdb2mdb.exe
Arguments: Temp\Assembly-CSharp-Editor.dll
Exit code: 0
Elapsed time: 0.08 sec

- pdb2mdb.exe output (0 lines):
